{"C:\\Example_React\\02-first-steps\\src\\FirstStepsApp.tsx": {"path":"C:\\Example_React\\02-first-steps\\src\\FirstStepsApp.tsx","statementMap":{"0":{"start":{"line":8,"column":34},"end":{"line":12,"column":null}},"1":{"start":{"line":15,"column":2},"end":{"line":20,"column":39}},"2":{"start":{"line":19,"column":49},"end":{"line":20,"column":39}}},"fnMap":{"0":{"name":"FirstStepsApp","decl":{"start":{"line":14,"column":16},"end":{"line":14,"column":null}},"loc":{"start":{"line":14,"column":16},"end":{"line":29,"column":null}},"line":14},"1":{"name":"(anonymous_1)","decl":{"start":{"line":19,"column":23},"end":{"line":19,"column":24}},"loc":{"start":{"line":19,"column":49},"end":{"line":20,"column":39}},"line":19}},"branchMap":{},"s":{"0":1,"1":3,"2":9},"f":{"0":3,"1":9},"b":{},"meta":{"lastBranch":0,"lastFunction":2,"lastStatement":3,"seen":{"s:8:34:12:Infinity":0,"f:14:16:14:Infinity":0,"s:15:2:20:39":1,"f:19:23:19:24":1,"s:19:49:20:39":2},"fnNames":{}}}
,"C:\\Example_React\\02-first-steps\\src\\MyAwesomeApp.tsx": {"path":"C:\\Example_React\\02-first-steps\\src\\MyAwesomeApp.tsx","statementMap":{"0":{"start":{"line":3,"column":18},"end":{"line":3,"column":null}},"1":{"start":{"line":4,"column":17},"end":{"line":4,"column":null}},"2":{"start":{"line":6,"column":22},"end":{"line":6,"column":null}},"3":{"start":{"line":7,"column":17},"end":{"line":7,"column":null}},"4":{"start":{"line":9,"column":16},"end":{"line":12,"column":null}},"5":{"start":{"line":14,"column":32},"end":{"line":19,"column":null}},"6":{"start":{"line":21,"column":28},"end":{"line":35,"column":2}},"7":{"start":{"line":22,"column":2},"end":{"line":32,"column":null}}},"fnMap":{"0":{"name":"(anonymous_0)","decl":{"start":{"line":21,"column":28},"end":{"line":21,"column":null}},"loc":{"start":{"line":21,"column":28},"end":{"line":35,"column":2}},"line":21}},"branchMap":{"0":{"loc":{"start":{"line":30,"column":11},"end":{"line":30,"column":null}},"type":"cond-expr","locations":[{"start":{"line":30,"column":22},"end":{"line":30,"column":33}},{"start":{"line":30,"column":33},"end":{"line":30,"column":null}}],"line":30}},"s":{"0":1,"1":1,"2":1,"3":1,"4":1,"5":1,"6":1,"7":4},"f":{"0":4},"b":{"0":[0,4]},"meta":{"lastBranch":1,"lastFunction":1,"lastStatement":8,"seen":{"s:3:18:3:Infinity":0,"s:4:17:4:Infinity":1,"s:6:22:6:Infinity":2,"s:7:17:7:Infinity":3,"s:9:16:12:Infinity":4,"s:14:32:19:Infinity":5,"s:21:28:35:2":6,"f:21:28:21:Infinity":0,"s:22:2:32:Infinity":7,"b:30:22:30:33:30:33:30:Infinity":0},"fnNames":{}}}
,"C:\\Example_React\\02-first-steps\\src\\helpers\\math.helper.ts": {"path":"C:\\Example_React\\02-first-steps\\src\\helpers\\math.helper.ts","statementMap":{"0":{"start":{"line":1,"column":19},"end":{"line":5,"column":null}},"1":{"start":{"line":4,"column":2},"end":{"line":4,"column":null}},"2":{"start":{"line":7,"column":24},"end":{"line":9,"column":null}},"3":{"start":{"line":8,"column":2},"end":{"line":8,"column":null}},"4":{"start":{"line":11,"column":24},"end":{"line":13,"column":null}},"5":{"start":{"line":12,"column":2},"end":{"line":12,"column":null}},"6":{"start":{"line":16,"column":22},"end":{"line":18,"column":null}},"7":{"start":{"line":17,"column":2},"end":{"line":17,"column":null}}},"fnMap":{"0":{"name":"(anonymous_0)","decl":{"start":{"line":1,"column":19},"end":{"line":1,"column":20}},"loc":{"start":{"line":1,"column":31},"end":{"line":5,"column":null}},"line":1},"1":{"name":"(anonymous_1)","decl":{"start":{"line":7,"column":24},"end":{"line":7,"column":25}},"loc":{"start":{"line":7,"column":36},"end":{"line":9,"column":null}},"line":7},"2":{"name":"(anonymous_2)","decl":{"start":{"line":11,"column":24},"end":{"line":11,"column":25}},"loc":{"start":{"line":11,"column":36},"end":{"line":13,"column":null}},"line":11},"3":{"name":"(anonymous_3)","decl":{"start":{"line":16,"column":22},"end":{"line":16,"column":23}},"loc":{"start":{"line":16,"column":34},"end":{"line":18,"column":null}},"line":16}},"branchMap":{},"s":{"0":1,"1":2,"2":1,"3":2,"4":1,"5":4,"6":1,"7":1},"f":{"0":2,"1":2,"2":4,"3":1},"b":{},"meta":{"lastBranch":0,"lastFunction":4,"lastStatement":8,"seen":{"s:1:19:5:Infinity":0,"f:1:19:1:20":0,"s:4:2:4:Infinity":1,"s:7:24:9:Infinity":2,"f:7:24:7:25":1,"s:8:2:8:Infinity":3,"s:11:24:13:Infinity":4,"f:11:24:11:25":2,"s:12:2:12:Infinity":5,"s:16:22:18:Infinity":6,"f:16:22:16:23":3,"s:17:2:17:Infinity":7},"fnNames":{}}}
,"C:\\Example_React\\02-first-steps\\src\\shopping-cart\\ItemCounter.module.css": {"path":"C:\\Example_React\\02-first-steps\\src\\shopping-cart\\ItemCounter.module.css","statementMap":{},"fnMap":{},"branchMap":{},"s":{},"f":{},"b":{},"meta":{"lastBranch":0,"lastFunction":0,"lastStatement":0,"seen":{},"fnNames":{}}}
,"C:\\Example_React\\02-first-steps\\src\\shopping-cart\\ItemCounter.tsx": {"path":"C:\\Example_React\\02-first-steps\\src\\shopping-cart\\ItemCounter.tsx","statementMap":{"0":{"start":{"line":15,"column":27},"end":{"line":51,"column":null}},"1":{"start":{"line":16,"column":25},"end":{"line":16,"column":null}},"2":{"start":{"line":18,"column":20},"end":{"line":20,"column":null}},"3":{"start":{"line":19,"column":4},"end":{"line":19,"column":null}},"4":{"start":{"line":22,"column":25},"end":{"line":26,"column":null}},"5":{"start":{"line":23,"column":4},"end":{"line":23,"column":null}},"6":{"start":{"line":23,"column":21},"end":{"line":23,"column":null}},"7":{"start":{"line":25,"column":4},"end":{"line":25,"column":null}},"8":{"start":{"line":28,"column":2},"end":{"line":48,"column":null}}},"fnMap":{"0":{"name":"(anonymous_0)","decl":{"start":{"line":15,"column":27},"end":{"line":15,"column":28}},"loc":{"start":{"line":15,"column":57},"end":{"line":51,"column":null}},"line":15},"1":{"name":"(anonymous_1)","decl":{"start":{"line":18,"column":20},"end":{"line":18,"column":null}},"loc":{"start":{"line":18,"column":20},"end":{"line":20,"column":null}},"line":18},"2":{"name":"(anonymous_2)","decl":{"start":{"line":22,"column":25},"end":{"line":22,"column":null}},"loc":{"start":{"line":22,"column":25},"end":{"line":26,"column":null}},"line":22}},"branchMap":{"0":{"loc":{"start":{"line":15,"column":36},"end":{"line":15,"column":48}},"type":"default-arg","locations":[{"start":{"line":15,"column":47},"end":{"line":15,"column":48}}],"line":15},"1":{"loc":{"start":{"line":23,"column":4},"end":{"line":23,"column":null}},"type":"if","locations":[{"start":{"line":23,"column":4},"end":{"line":23,"column":null}},{"start":{},"end":{}}],"line":23},"2":{"loc":{"start":{"line":41,"column":17},"end":{"line":41,"column":null}},"type":"cond-expr","locations":[{"start":{"line":41,"column":31},"end":{"line":41,"column":39}},{"start":{"line":41,"column":39},"end":{"line":41,"column":null}}],"line":41}},"s":{"0":1,"1":9,"2":9,"3":1,"4":9,"5":2,"6":1,"7":1,"8":9},"f":{"0":9,"1":1,"2":2},"b":{"0":[9],"1":[1,1],"2":[4,5]},"meta":{"lastBranch":3,"lastFunction":3,"lastStatement":9,"seen":{"s:15:27:51:Infinity":0,"f:15:27:15:28":0,"b:15:47:15:48":0,"s:16:25:16:Infinity":1,"s:18:20:20:Infinity":2,"f:18:20:18:Infinity":1,"s:19:4:19:Infinity":3,"s:22:25:26:Infinity":4,"f:22:25:22:Infinity":2,"b:23:4:23:Infinity:undefined:undefined:undefined:undefined":1,"s:23:4:23:Infinity":5,"s:23:21:23:Infinity":6,"s:25:4:25:Infinity":7,"s:28:2:48:Infinity":8,"b:41:31:41:39:41:39:41:Infinity":2},"fnNames":{}}}
}
